<?xml version="1.0" encoding="UTF-8"?>
<!-- Generated by org.testng.reporters.JUnitReportReporter -->
<testsuite hostname="192.168.1.2" failures="0" tests="1" name="users.ListUsersTest" time="3.573" errors="0" timestamp="2022-06-11T14:11:42 WIB" skipped="0">
  <testcase classname="users.ListUsersTest" name="successGetUsers" time="3.573"/>
  <system-out/>
</testsuite> <!-- users.ListUsersTest -->
